{"/Users/njons/Code/Learning/FAC/FAC14_Week7/FAC14_Week7/public/js/dom.js": {"path":"/Users/njons/Code/Learning/FAC/FAC14_Week7/FAC14_Week7/public/js/dom.js","statementMap":{"0":{"start":{"line":1,"column":0},"end":{"line":1,"column":30}},"1":{"start":{"line":3,"column":13},"end":{"line":3,"column":43}},"2":{"start":{"line":5,"column":0},"end":{"line":8,"column":3}},"3":{"start":{"line":6,"column":2},"end":{"line":6,"column":26}},"4":{"start":{"line":7,"column":2},"end":{"line":7,"column":31}},"5":{"start":{"line":11,"column":14},"end":{"line":11,"column":26}},"6":{"start":{"line":12,"column":2},"end":{"line":24,"column":5}},"7":{"start":{"line":13,"column":4},"end":{"line":13,"column":25}},"8":{"start":{"line":13,"column":13},"end":{"line":13,"column":25}},"9":{"start":{"line":14,"column":4},"end":{"line":23,"column":5}},"10":{"start":{"line":16,"column":6},"end":{"line":16,"column":45}},"11":{"start":{"line":20,"column":6},"end":{"line":20,"column":47}},"12":{"start":{"line":21,"column":19},"end":{"line":21,"column":50}},"13":{"start":{"line":22,"column":6},"end":{"line":22,"column":37}}},"fnMap":{"0":{"name":"(anonymous_0)","decl":{"start":{"line":5,"column":46},"end":{"line":5,"column":47}},"loc":{"start":{"line":5,"column":55},"end":{"line":8,"column":1}},"line":5},"1":{"name":"getWelcomeData","decl":{"start":{"line":10,"column":9},"end":{"line":10,"column":23}},"loc":{"start":{"line":10,"column":26},"end":{"line":25,"column":1}},"line":10},"2":{"name":"(anonymous_2)","decl":{"start":{"line":12,"column":25},"end":{"line":12,"column":26}},"loc":{"start":{"line":12,"column":40},"end":{"line":24,"column":3}},"line":12}},"branchMap":{"0":{"loc":{"start":{"line":13,"column":4},"end":{"line":13,"column":25}},"type":"if","locations":[{"start":{"line":13,"column":4},"end":{"line":13,"column":25}},{"start":{"line":13,"column":4},"end":{"line":13,"column":25}}],"line":13},"1":{"loc":{"start":{"line":14,"column":4},"end":{"line":23,"column":5}},"type":"if","locations":[{"start":{"line":14,"column":4},"end":{"line":23,"column":5}},{"start":{"line":14,"column":4},"end":{"line":23,"column":5}}],"line":14}},"s":{"0":1,"1":1,"2":1,"3":0,"4":0,"5":0,"6":0,"7":0,"8":0,"9":0,"10":0,"11":0,"12":0,"13":0},"f":{"0":0,"1":0,"2":0},"b":{"0":[0,0],"1":[0,0]},"_coverageSchema":"332fd63041d2c1bcb487cc26dd0d5f7d97098a6c","hash":"0e65d2028933b36deab9a58ef2b9c4d321458fd3"}
,"/Users/njons/Code/Learning/FAC/FAC14_Week7/FAC14_Week7/src/handler.js": {"path":"/Users/njons/Code/Learning/FAC/FAC14_Week7/FAC14_Week7/src/handler.js","statementMap":{"0":{"start":{"line":1,"column":11},"end":{"line":1,"column":24}},"1":{"start":{"line":2,"column":13},"end":{"line":2,"column":28}},"2":{"start":{"line":3,"column":20},"end":{"line":3,"column":42}},"3":{"start":{"line":4,"column":12},"end":{"line":4,"column":35}},"4":{"start":{"line":5,"column":15},"end":{"line":5,"column":32}},"5":{"start":{"line":7,"column":20},"end":{"line":7,"column":52}},"6":{"start":{"line":8,"column":17},"end":{"line":8,"column":46}},"7":{"start":{"line":9,"column":20},"end":{"line":9,"column":52}},"8":{"start":{"line":10,"column":18},"end":{"line":10,"column":48}},"9":{"start":{"line":12,"column":12},"end":{"line":12,"column":19}},"10":{"start":{"line":14,"column":17},"end":{"line":24,"column":1}},"11":{"start":{"line":15,"column":2},"end":{"line":23,"column":5}},"12":{"start":{"line":16,"column":4},"end":{"line":22,"column":5}},"13":{"start":{"line":17,"column":6},"end":{"line":17,"column":63}},"14":{"start":{"line":18,"column":6},"end":{"line":18,"column":58}},"15":{"start":{"line":20,"column":6},"end":{"line":20,"column":63}},"16":{"start":{"line":21,"column":6},"end":{"line":21,"column":25}},"17":{"start":{"line":26,"column":19},"end":{"line":34,"column":1}},"18":{"start":{"line":27,"column":2},"end":{"line":27,"column":55}},"19":{"start":{"line":28,"column":18},"end":{"line":31,"column":3}},"20":{"start":{"line":32,"column":18},"end":{"line":32,"column":38}},"21":{"start":{"line":33,"column":2},"end":{"line":33,"column":41}},"22":{"start":{"line":36,"column":21},"end":{"line":39,"column":1}},"23":{"start":{"line":37,"column":24},"end":{"line":37,"column":42}},"24":{"start":{"line":38,"column":2},"end":{"line":38,"column":42}},"25":{"start":{"line":41,"column":20},"end":{"line":43,"column":1}},"26":{"start":{"line":42,"column":2},"end":{"line":42,"column":20}},"27":{"start":{"line":45,"column":18},"end":{"line":47,"column":1}},"28":{"start":{"line":46,"column":2},"end":{"line":46,"column":35}},"29":{"start":{"line":49,"column":20},"end":{"line":68,"column":1}},"30":{"start":{"line":50,"column":14},"end":{"line":50,"column":31}},"31":{"start":{"line":51,"column":18},"end":{"line":57,"column":3}},"32":{"start":{"line":59,"column":2},"end":{"line":67,"column":5}},"33":{"start":{"line":60,"column":4},"end":{"line":66,"column":5}},"34":{"start":{"line":61,"column":6},"end":{"line":61,"column":63}},"35":{"start":{"line":62,"column":6},"end":{"line":62,"column":58}},"36":{"start":{"line":64,"column":6},"end":{"line":64,"column":63}},"37":{"start":{"line":65,"column":6},"end":{"line":65,"column":25}},"38":{"start":{"line":70,"column":22},"end":{"line":72,"column":1}},"39":{"start":{"line":71,"column":2},"end":{"line":71,"column":38}},"40":{"start":{"line":74,"column":19},"end":{"line":76,"column":1}},"41":{"start":{"line":75,"column":2},"end":{"line":75,"column":35}},"42":{"start":{"line":78,"column":21},"end":{"line":80,"column":1}},"43":{"start":{"line":79,"column":2},"end":{"line":79,"column":37}},"44":{"start":{"line":82,"column":25},"end":{"line":127,"column":1}},"45":{"start":{"line":83,"column":2},"end":{"line":83,"column":34}},"46":{"start":{"line":84,"column":13},"end":{"line":84,"column":15}},"47":{"start":{"line":85,"column":2},"end":{"line":87,"column":5}},"48":{"start":{"line":86,"column":4},"end":{"line":86,"column":18}},"49":{"start":{"line":88,"column":2},"end":{"line":126,"column":5}},"50":{"start":{"line":89,"column":21},"end":{"line":89,"column":67}},"51":{"start":{"line":90,"column":4},"end":{"line":90,"column":47}},"52":{"start":{"line":91,"column":21},"end":{"line":91,"column":66}},"53":{"start":{"line":92,"column":4},"end":{"line":92,"column":47}},"54":{"start":{"line":93,"column":4},"end":{"line":125,"column":5}},"55":{"start":{"line":94,"column":6},"end":{"line":94,"column":33}},"56":{"start":{"line":95,"column":11},"end":{"line":125,"column":5}},"57":{"start":{"line":96,"column":6},"end":{"line":96,"column":33}},"58":{"start":{"line":98,"column":6},"end":{"line":124,"column":7}},"59":{"start":{"line":99,"column":8},"end":{"line":123,"column":11}},"60":{"start":{"line":100,"column":10},"end":{"line":122,"column":11}},"61":{"start":{"line":101,"column":12},"end":{"line":101,"column":69}},"62":{"start":{"line":102,"column":12},"end":{"line":102,"column":65}},"63":{"start":{"line":103,"column":17},"end":{"line":122,"column":11}},"64":{"start":{"line":104,"column":12},"end":{"line":104,"column":49}},"65":{"start":{"line":105,"column":12},"end":{"line":121,"column":15}},"66":{"start":{"line":106,"column":14},"end":{"line":106,"column":40}},"67":{"start":{"line":106,"column":23},"end":{"line":106,"column":40}},"68":{"start":{"line":107,"column":14},"end":{"line":120,"column":15}},"69":{"start":{"line":108,"column":30},"end":{"line":108,"column":54}},"70":{"start":{"line":109,"column":16},"end":{"line":112,"column":19}},"71":{"start":{"line":113,"column":16},"end":{"line":113,"column":31}},"72":{"start":{"line":115,"column":16},"end":{"line":118,"column":19}},"73":{"start":{"line":119,"column":16},"end":{"line":119,"column":31}},"74":{"start":{"line":129,"column":26},"end":{"line":164,"column":1}},"75":{"start":{"line":130,"column":13},"end":{"line":130,"column":15}},"76":{"start":{"line":131,"column":2},"end":{"line":133,"column":5}},"77":{"start":{"line":132,"column":4},"end":{"line":132,"column":18}},"78":{"start":{"line":134,"column":2},"end":{"line":163,"column":5}},"79":{"start":{"line":135,"column":4},"end":{"line":135,"column":68}},"80":{"start":{"line":136,"column":21},"end":{"line":136,"column":67}},"81":{"start":{"line":137,"column":4},"end":{"line":137,"column":26}},"82":{"start":{"line":138,"column":21},"end":{"line":138,"column":66}},"83":{"start":{"line":139,"column":19},"end":{"line":139,"column":48}},"84":{"start":{"line":140,"column":4},"end":{"line":162,"column":5}},"85":{"start":{"line":141,"column":6},"end":{"line":161,"column":9}},"86":{"start":{"line":143,"column":8},"end":{"line":160,"column":9}},"87":{"start":{"line":144,"column":10},"end":{"line":144,"column":67}},"88":{"start":{"line":145,"column":10},"end":{"line":145,"column":62}},"89":{"start":{"line":146,"column":15},"end":{"line":160,"column":9}},"90":{"start":{"line":147,"column":10},"end":{"line":147,"column":73}},"91":{"start":{"line":148,"column":24},"end":{"line":148,"column":59}},"92":{"start":{"line":149,"column":10},"end":{"line":152,"column":13}},"93":{"start":{"line":153,"column":10},"end":{"line":153,"column":25}},"94":{"start":{"line":155,"column":10},"end":{"line":158,"column":13}},"95":{"start":{"line":159,"column":10},"end":{"line":159,"column":25}},"96":{"start":{"line":166,"column":25},"end":{"line":200,"column":1}},"97":{"start":{"line":167,"column":2},"end":{"line":167,"column":19}},"98":{"start":{"line":169,"column":2},"end":{"line":169,"column":72}},"99":{"start":{"line":170,"column":2},"end":{"line":199,"column":3}},"100":{"start":{"line":172,"column":20},"end":{"line":172,"column":56}},"101":{"start":{"line":173,"column":4},"end":{"line":173,"column":53}},"102":{"start":{"line":175,"column":4},"end":{"line":192,"column":7}},"103":{"start":{"line":176,"column":6},"end":{"line":176,"column":57}},"104":{"start":{"line":177,"column":6},"end":{"line":177,"column":68}},"105":{"start":{"line":178,"column":6},"end":{"line":191,"column":9}},"106":{"start":{"line":179,"column":8},"end":{"line":179,"column":34}},"107":{"start":{"line":179,"column":17},"end":{"line":179,"column":34}},"108":{"start":{"line":182,"column":26},"end":{"line":187,"column":9}},"109":{"start":{"line":188,"column":8},"end":{"line":188,"column":45}},"110":{"start":{"line":189,"column":8},"end":{"line":189,"column":72}},"111":{"start":{"line":190,"column":8},"end":{"line":190,"column":48}},"112":{"start":{"line":194,"column":4},"end":{"line":197,"column":7}},"113":{"start":{"line":198,"column":4},"end":{"line":198,"column":19}},"114":{"start":{"line":202,"column":20},"end":{"line":208,"column":1}},"115":{"start":{"line":203,"column":2},"end":{"line":206,"column":5}},"116":{"start":{"line":207,"column":2},"end":{"line":207,"column":17}},"117":{"start":{"line":210,"column":0},"end":{"line":220,"column":2}}},"fnMap":{"0":{"name":"(anonymous_0)","decl":{"start":{"line":14,"column":17},"end":{"line":14,"column":18}},"loc":{"start":{"line":14,"column":41},"end":{"line":24,"column":1}},"line":14},"1":{"name":"(anonymous_1)","decl":{"start":{"line":15,"column":62},"end":{"line":15,"column":63}},"loc":{"start":{"line":15,"column":77},"end":{"line":23,"column":3}},"line":15},"2":{"name":"(anonymous_2)","decl":{"start":{"line":26,"column":19},"end":{"line":26,"column":20}},"loc":{"start":{"line":26,"column":41},"end":{"line":34,"column":1}},"line":26},"3":{"name":"(anonymous_3)","decl":{"start":{"line":36,"column":21},"end":{"line":36,"column":22}},"loc":{"start":{"line":36,"column":29},"end":{"line":39,"column":1}},"line":36},"4":{"name":"(anonymous_4)","decl":{"start":{"line":41,"column":20},"end":{"line":41,"column":21}},"loc":{"start":{"line":41,"column":27},"end":{"line":43,"column":1}},"line":41},"5":{"name":"(anonymous_5)","decl":{"start":{"line":45,"column":18},"end":{"line":45,"column":19}},"loc":{"start":{"line":45,"column":41},"end":{"line":47,"column":1}},"line":45},"6":{"name":"(anonymous_6)","decl":{"start":{"line":49,"column":20},"end":{"line":49,"column":21}},"loc":{"start":{"line":49,"column":48},"end":{"line":68,"column":1}},"line":49},"7":{"name":"(anonymous_7)","decl":{"start":{"line":59,"column":47},"end":{"line":59,"column":48}},"loc":{"start":{"line":59,"column":62},"end":{"line":67,"column":3}},"line":59},"8":{"name":"(anonymous_8)","decl":{"start":{"line":70,"column":22},"end":{"line":70,"column":23}},"loc":{"start":{"line":70,"column":50},"end":{"line":72,"column":1}},"line":70},"9":{"name":"(anonymous_9)","decl":{"start":{"line":74,"column":19},"end":{"line":74,"column":20}},"loc":{"start":{"line":74,"column":47},"end":{"line":76,"column":1}},"line":74},"10":{"name":"(anonymous_10)","decl":{"start":{"line":78,"column":21},"end":{"line":78,"column":22}},"loc":{"start":{"line":78,"column":49},"end":{"line":80,"column":1}},"line":78},"11":{"name":"(anonymous_11)","decl":{"start":{"line":82,"column":25},"end":{"line":82,"column":26}},"loc":{"start":{"line":82,"column":53},"end":{"line":127,"column":1}},"line":82},"12":{"name":"(anonymous_12)","decl":{"start":{"line":85,"column":21},"end":{"line":85,"column":22}},"loc":{"start":{"line":85,"column":30},"end":{"line":87,"column":3}},"line":85},"13":{"name":"(anonymous_13)","decl":{"start":{"line":88,"column":20},"end":{"line":88,"column":21}},"loc":{"start":{"line":88,"column":26},"end":{"line":126,"column":3}},"line":88},"14":{"name":"(anonymous_14)","decl":{"start":{"line":99,"column":40},"end":{"line":99,"column":41}},"loc":{"start":{"line":99,"column":55},"end":{"line":123,"column":9}},"line":99},"15":{"name":"(anonymous_15)","decl":{"start":{"line":105,"column":32},"end":{"line":105,"column":33}},"loc":{"start":{"line":105,"column":49},"end":{"line":121,"column":13}},"line":105},"16":{"name":"(anonymous_16)","decl":{"start":{"line":129,"column":26},"end":{"line":129,"column":27}},"loc":{"start":{"line":129,"column":54},"end":{"line":164,"column":1}},"line":129},"17":{"name":"(anonymous_17)","decl":{"start":{"line":131,"column":21},"end":{"line":131,"column":22}},"loc":{"start":{"line":131,"column":30},"end":{"line":133,"column":3}},"line":131},"18":{"name":"(anonymous_18)","decl":{"start":{"line":134,"column":20},"end":{"line":134,"column":21}},"loc":{"start":{"line":134,"column":26},"end":{"line":163,"column":3}},"line":134},"19":{"name":"(anonymous_19)","decl":{"start":{"line":141,"column":43},"end":{"line":141,"column":44}},"loc":{"start":{"line":141,"column":60},"end":{"line":161,"column":7}},"line":141},"20":{"name":"(anonymous_20)","decl":{"start":{"line":166,"column":25},"end":{"line":166,"column":26}},"loc":{"start":{"line":166,"column":53},"end":{"line":200,"column":1}},"line":166},"21":{"name":"(anonymous_21)","decl":{"start":{"line":175,"column":36},"end":{"line":175,"column":37}},"loc":{"start":{"line":175,"column":54},"end":{"line":192,"column":5}},"line":175},"22":{"name":"(anonymous_22)","decl":{"start":{"line":178,"column":35},"end":{"line":178,"column":36}},"loc":{"start":{"line":178,"column":54},"end":{"line":191,"column":7}},"line":178},"23":{"name":"(anonymous_23)","decl":{"start":{"line":202,"column":20},"end":{"line":202,"column":21}},"loc":{"start":{"line":202,"column":48},"end":{"line":208,"column":1}},"line":202}},"branchMap":{"0":{"loc":{"start":{"line":16,"column":4},"end":{"line":22,"column":5}},"type":"if","locations":[{"start":{"line":16,"column":4},"end":{"line":22,"column":5}},{"start":{"line":16,"column":4},"end":{"line":22,"column":5}}],"line":16},"1":{"loc":{"start":{"line":60,"column":4},"end":{"line":66,"column":5}},"type":"if","locations":[{"start":{"line":60,"column":4},"end":{"line":66,"column":5}},{"start":{"line":60,"column":4},"end":{"line":66,"column":5}}],"line":60},"2":{"loc":{"start":{"line":93,"column":4},"end":{"line":125,"column":5}},"type":"if","locations":[{"start":{"line":93,"column":4},"end":{"line":125,"column":5}},{"start":{"line":93,"column":4},"end":{"line":125,"column":5}}],"line":93},"3":{"loc":{"start":{"line":95,"column":11},"end":{"line":125,"column":5}},"type":"if","locations":[{"start":{"line":95,"column":11},"end":{"line":125,"column":5}},{"start":{"line":95,"column":11},"end":{"line":125,"column":5}}],"line":95},"4":{"loc":{"start":{"line":98,"column":6},"end":{"line":124,"column":7}},"type":"if","locations":[{"start":{"line":98,"column":6},"end":{"line":124,"column":7}},{"start":{"line":98,"column":6},"end":{"line":124,"column":7}}],"line":98},"5":{"loc":{"start":{"line":100,"column":10},"end":{"line":122,"column":11}},"type":"if","locations":[{"start":{"line":100,"column":10},"end":{"line":122,"column":11}},{"start":{"line":100,"column":10},"end":{"line":122,"column":11}}],"line":100},"6":{"loc":{"start":{"line":103,"column":17},"end":{"line":122,"column":11}},"type":"if","locations":[{"start":{"line":103,"column":17},"end":{"line":122,"column":11}},{"start":{"line":103,"column":17},"end":{"line":122,"column":11}}],"line":103},"7":{"loc":{"start":{"line":106,"column":14},"end":{"line":106,"column":40}},"type":"if","locations":[{"start":{"line":106,"column":14},"end":{"line":106,"column":40}},{"start":{"line":106,"column":14},"end":{"line":106,"column":40}}],"line":106},"8":{"loc":{"start":{"line":107,"column":14},"end":{"line":120,"column":15}},"type":"if","locations":[{"start":{"line":107,"column":14},"end":{"line":120,"column":15}},{"start":{"line":107,"column":14},"end":{"line":120,"column":15}}],"line":107},"9":{"loc":{"start":{"line":140,"column":4},"end":{"line":162,"column":5}},"type":"if","locations":[{"start":{"line":140,"column":4},"end":{"line":162,"column":5}},{"start":{"line":140,"column":4},"end":{"line":162,"column":5}}],"line":140},"10":{"loc":{"start":{"line":143,"column":8},"end":{"line":160,"column":9}},"type":"if","locations":[{"start":{"line":143,"column":8},"end":{"line":160,"column":9}},{"start":{"line":143,"column":8},"end":{"line":160,"column":9}}],"line":143},"11":{"loc":{"start":{"line":146,"column":15},"end":{"line":160,"column":9}},"type":"if","locations":[{"start":{"line":146,"column":15},"end":{"line":160,"column":9}},{"start":{"line":146,"column":15},"end":{"line":160,"column":9}}],"line":146},"12":{"loc":{"start":{"line":170,"column":2},"end":{"line":199,"column":3}},"type":"if","locations":[{"start":{"line":170,"column":2},"end":{"line":199,"column":3}},{"start":{"line":170,"column":2},"end":{"line":199,"column":3}}],"line":170},"13":{"loc":{"start":{"line":170,"column":6},"end":{"line":170,"column":73}},"type":"binary-expr","locations":[{"start":{"line":170,"column":6},"end":{"line":170,"column":28}},{"start":{"line":170,"column":32},"end":{"line":170,"column":73}}],"line":170},"14":{"loc":{"start":{"line":179,"column":8},"end":{"line":179,"column":34}},"type":"if","locations":[{"start":{"line":179,"column":8},"end":{"line":179,"column":34}},{"start":{"line":179,"column":8},"end":{"line":179,"column":34}}],"line":179}},"s":{"0":1,"1":1,"2":1,"3":1,"4":1,"5":1,"6":1,"7":1,"8":1,"9":1,"10":1,"11":5,"12":5,"13":0,"14":0,"15":5,"16":5,"17":1,"18":0,"19":0,"20":0,"21":0,"22":1,"23":0,"24":0,"25":1,"26":0,"27":1,"28":2,"29":1,"30":4,"31":4,"32":4,"33":4,"34":0,"35":0,"36":4,"37":4,"38":1,"39":1,"40":1,"41":1,"42":1,"43":1,"44":1,"45":0,"46":0,"47":0,"48":0,"49":0,"50":0,"51":0,"52":0,"53":0,"54":0,"55":0,"56":0,"57":0,"58":0,"59":0,"60":0,"61":0,"62":0,"63":0,"64":0,"65":0,"66":0,"67":0,"68":0,"69":0,"70":0,"71":0,"72":0,"73":0,"74":1,"75":0,"76":0,"77":0,"78":0,"79":0,"80":0,"81":0,"82":0,"83":0,"84":0,"85":0,"86":0,"87":0,"88":0,"89":0,"90":0,"91":0,"92":0,"93":0,"94":0,"95":0,"96":1,"97":1,"98":1,"99":1,"100":0,"101":0,"102":0,"103":0,"104":0,"105":0,"106":0,"107":0,"108":0,"109":0,"110":0,"111":0,"112":1,"113":1,"114":1,"115":1,"116":1,"117":1},"f":{"0":5,"1":5,"2":0,"3":0,"4":0,"5":2,"6":4,"7":4,"8":1,"9":1,"10":1,"11":0,"12":0,"13":0,"14":0,"15":0,"16":0,"17":0,"18":0,"19":0,"20":1,"21":0,"22":0,"23":1},"b":{"0":[0,5],"1":[0,4],"2":[0,0],"3":[0,0],"4":[0,0],"5":[0,0],"6":[0,0],"7":[0,0],"8":[0,0],"9":[0,0],"10":[0,0],"11":[0,0],"12":[0,1],"13":[1,0],"14":[0,0]},"_coverageSchema":"332fd63041d2c1bcb487cc26dd0d5f7d97098a6c","hash":"28ccc863c30eda269d276f9b325b04ff760951af"}
,"/Users/njons/Code/Learning/FAC/FAC14_Week7/FAC14_Week7/src/router.js": {"path":"/Users/njons/Code/Learning/FAC/FAC14_Week7/FAC14_Week7/src/router.js","statementMap":{"0":{"start":{"line":12,"column":4},"end":{"line":12,"column":24}},"1":{"start":{"line":14,"column":15},"end":{"line":46,"column":1}},"2":{"start":{"line":15,"column":2},"end":{"line":15,"column":55}},"3":{"start":{"line":16,"column":14},"end":{"line":16,"column":25}},"4":{"start":{"line":18,"column":2},"end":{"line":45,"column":3}},"5":{"start":{"line":20,"column":4},"end":{"line":20,"column":38}},"6":{"start":{"line":21,"column":9},"end":{"line":45,"column":3}},"7":{"start":{"line":22,"column":4},"end":{"line":22,"column":40}},"8":{"start":{"line":23,"column":9},"end":{"line":45,"column":3}},"9":{"start":{"line":25,"column":4},"end":{"line":25,"column":39}},"10":{"start":{"line":26,"column":9},"end":{"line":45,"column":3}},"11":{"start":{"line":27,"column":4},"end":{"line":27,"column":45}},"12":{"start":{"line":28,"column":9},"end":{"line":45,"column":3}},"13":{"start":{"line":30,"column":4},"end":{"line":30,"column":42}},"14":{"start":{"line":31,"column":9},"end":{"line":45,"column":3}},"15":{"start":{"line":32,"column":4},"end":{"line":32,"column":46}},"16":{"start":{"line":33,"column":9},"end":{"line":45,"column":3}},"17":{"start":{"line":35,"column":4},"end":{"line":35,"column":41}},"18":{"start":{"line":36,"column":9},"end":{"line":45,"column":3}},"19":{"start":{"line":38,"column":4},"end":{"line":38,"column":45}},"20":{"start":{"line":39,"column":9},"end":{"line":45,"column":3}},"21":{"start":{"line":41,"column":4},"end":{"line":41,"column":40}},"22":{"start":{"line":43,"column":4},"end":{"line":43,"column":55}},"23":{"start":{"line":44,"column":4},"end":{"line":44,"column":43}},"24":{"start":{"line":47,"column":0},"end":{"line":47,"column":24}}},"fnMap":{"0":{"name":"(anonymous_0)","decl":{"start":{"line":14,"column":15},"end":{"line":14,"column":16}},"loc":{"start":{"line":14,"column":38},"end":{"line":46,"column":1}},"line":14}},"branchMap":{"0":{"loc":{"start":{"line":18,"column":2},"end":{"line":45,"column":3}},"type":"if","locations":[{"start":{"line":18,"column":2},"end":{"line":45,"column":3}},{"start":{"line":18,"column":2},"end":{"line":45,"column":3}}],"line":18},"1":{"loc":{"start":{"line":21,"column":9},"end":{"line":45,"column":3}},"type":"if","locations":[{"start":{"line":21,"column":9},"end":{"line":45,"column":3}},{"start":{"line":21,"column":9},"end":{"line":45,"column":3}}],"line":21},"2":{"loc":{"start":{"line":23,"column":9},"end":{"line":45,"column":3}},"type":"if","locations":[{"start":{"line":23,"column":9},"end":{"line":45,"column":3}},{"start":{"line":23,"column":9},"end":{"line":45,"column":3}}],"line":23},"3":{"loc":{"start":{"line":26,"column":9},"end":{"line":45,"column":3}},"type":"if","locations":[{"start":{"line":26,"column":9},"end":{"line":45,"column":3}},{"start":{"line":26,"column":9},"end":{"line":45,"column":3}}],"line":26},"4":{"loc":{"start":{"line":28,"column":9},"end":{"line":45,"column":3}},"type":"if","locations":[{"start":{"line":28,"column":9},"end":{"line":45,"column":3}},{"start":{"line":28,"column":9},"end":{"line":45,"column":3}}],"line":28},"5":{"loc":{"start":{"line":31,"column":9},"end":{"line":45,"column":3}},"type":"if","locations":[{"start":{"line":31,"column":9},"end":{"line":45,"column":3}},{"start":{"line":31,"column":9},"end":{"line":45,"column":3}}],"line":31},"6":{"loc":{"start":{"line":33,"column":9},"end":{"line":45,"column":3}},"type":"if","locations":[{"start":{"line":33,"column":9},"end":{"line":45,"column":3}},{"start":{"line":33,"column":9},"end":{"line":45,"column":3}}],"line":33},"7":{"loc":{"start":{"line":36,"column":9},"end":{"line":45,"column":3}},"type":"if","locations":[{"start":{"line":36,"column":9},"end":{"line":45,"column":3}},{"start":{"line":36,"column":9},"end":{"line":45,"column":3}}],"line":36},"8":{"loc":{"start":{"line":39,"column":9},"end":{"line":45,"column":3}},"type":"if","locations":[{"start":{"line":39,"column":9},"end":{"line":45,"column":3}},{"start":{"line":39,"column":9},"end":{"line":45,"column":3}}],"line":39}},"s":{"0":1,"1":1,"2":11,"3":11,"4":11,"5":2,"6":9,"7":4,"8":5,"9":1,"10":4,"11":0,"12":4,"13":1,"14":3,"15":0,"16":3,"17":1,"18":2,"19":1,"20":1,"21":1,"22":0,"23":0,"24":1},"f":{"0":11},"b":{"0":[2,9],"1":[4,5],"2":[1,4],"3":[0,4],"4":[1,3],"5":[0,3],"6":[1,2],"7":[1,1],"8":[1,0]},"_coverageSchema":"332fd63041d2c1bcb487cc26dd0d5f7d97098a6c","hash":"5e43c9c0166c85d468e587daf295c326f07cae80"}
,"/Users/njons/Code/Learning/FAC/FAC14_Week7/FAC14_Week7/src/db/db_connection.js": {"path":"/Users/njons/Code/Learning/FAC/FAC14_Week7/FAC14_Week7/src/db/db_connection.js","statementMap":{"0":{"start":{"line":1,"column":17},"end":{"line":1,"column":30}},"1":{"start":{"line":2,"column":12},"end":{"line":2,"column":26}},"2":{"start":{"line":3,"column":0},"end":{"line":3,"column":30}},"3":{"start":{"line":5,"column":13},"end":{"line":5,"column":31}},"4":{"start":{"line":8,"column":0},"end":{"line":10,"column":1}},"5":{"start":{"line":9,"column":2},"end":{"line":9,"column":36}},"6":{"start":{"line":13,"column":0},"end":{"line":13,"column":63}},"7":{"start":{"line":13,"column":25},"end":{"line":13,"column":63}},"8":{"start":{"line":16,"column":15},"end":{"line":16,"column":44}},"9":{"start":{"line":17,"column":29},"end":{"line":17,"column":51}},"10":{"start":{"line":20,"column":16},"end":{"line":28,"column":1}},"11":{"start":{"line":30,"column":0},"end":{"line":30,"column":35}}},"fnMap":{},"branchMap":{"0":{"loc":{"start":{"line":8,"column":0},"end":{"line":10,"column":1}},"type":"if","locations":[{"start":{"line":8,"column":0},"end":{"line":10,"column":1}},{"start":{"line":8,"column":0},"end":{"line":10,"column":1}}],"line":8},"1":{"loc":{"start":{"line":13,"column":0},"end":{"line":13,"column":63}},"type":"if","locations":[{"start":{"line":13,"column":0},"end":{"line":13,"column":63}},{"start":{"line":13,"column":0},"end":{"line":13,"column":63}}],"line":13},"2":{"loc":{"start":{"line":24,"column":7},"end":{"line":24,"column":42}},"type":"binary-expr","locations":[{"start":{"line":24,"column":7},"end":{"line":24,"column":37}},{"start":{"line":24,"column":41},"end":{"line":24,"column":42}}],"line":24}},"s":{"0":2,"1":2,"2":2,"3":2,"4":2,"5":2,"6":2,"7":0,"8":2,"9":2,"10":2,"11":2},"f":{},"b":{"0":[2,0],"1":[0,2],"2":[2,2]},"_coverageSchema":"332fd63041d2c1bcb487cc26dd0d5f7d97098a6c","hash":"ceab89936091fdc29833382950e2ce2f6725efcd"}
,"/Users/njons/Code/Learning/FAC/FAC14_Week7/FAC14_Week7/src/db/test_db/test_db_build.js": {"path":"/Users/njons/Code/Learning/FAC/FAC14_Week7/FAC14_Week7/src/db/test_db/test_db_build.js","statementMap":{"0":{"start":{"line":1,"column":11},"end":{"line":1,"column":24}},"1":{"start":{"line":2,"column":21},"end":{"line":2,"column":48}},"2":{"start":{"line":5,"column":12},"end":{"line":5,"column":72}},"3":{"start":{"line":8,"column":19},"end":{"line":13,"column":1}},"4":{"start":{"line":9,"column":2},"end":{"line":12,"column":5}},"5":{"start":{"line":10,"column":4},"end":{"line":10,"column":21}},"6":{"start":{"line":10,"column":13},"end":{"line":10,"column":21}},"7":{"start":{"line":11,"column":4},"end":{"line":11,"column":19}},"8":{"start":{"line":15,"column":0},"end":{"line":15,"column":28}}},"fnMap":{"0":{"name":"(anonymous_0)","decl":{"start":{"line":8,"column":19},"end":{"line":8,"column":20}},"loc":{"start":{"line":8,"column":25},"end":{"line":13,"column":1}},"line":8},"1":{"name":"(anonymous_1)","decl":{"start":{"line":9,"column":26},"end":{"line":9,"column":27}},"loc":{"start":{"line":9,"column":41},"end":{"line":12,"column":3}},"line":9}},"branchMap":{"0":{"loc":{"start":{"line":10,"column":4},"end":{"line":10,"column":21}},"type":"if","locations":[{"start":{"line":10,"column":4},"end":{"line":10,"column":21}},{"start":{"line":10,"column":4},"end":{"line":10,"column":21}}],"line":10}},"s":{"0":1,"1":1,"2":1,"3":1,"4":1,"5":1,"6":0,"7":1,"8":1},"f":{"0":1,"1":1},"b":{"0":[0,1]},"_coverageSchema":"332fd63041d2c1bcb487cc26dd0d5f7d97098a6c","hash":"3b48ae426c9bdb42a3900a1970c87783e0799960"}
,"/Users/njons/Code/Learning/FAC/FAC14_Week7/FAC14_Week7/src/queries/getUserId.js": {"path":"/Users/njons/Code/Learning/FAC/FAC14_Week7/FAC14_Week7/src/queries/getUserId.js","statementMap":{"0":{"start":{"line":1,"column":21},"end":{"line":1,"column":51}},"1":{"start":{"line":3,"column":18},"end":{"line":15,"column":1}},"2":{"start":{"line":4,"column":2},"end":{"line":4,"column":59}},"3":{"start":{"line":6,"column":2},"end":{"line":14,"column":4}},"4":{"start":{"line":10,"column":6},"end":{"line":10,"column":30}},"5":{"start":{"line":10,"column":15},"end":{"line":10,"column":30}},"6":{"start":{"line":11,"column":6},"end":{"line":11,"column":37}},"7":{"start":{"line":12,"column":6},"end":{"line":12,"column":66}},"8":{"start":{"line":17,"column":0},"end":{"line":17,"column":27}}},"fnMap":{"0":{"name":"(anonymous_0)","decl":{"start":{"line":3,"column":18},"end":{"line":3,"column":19}},"loc":{"start":{"line":3,"column":36},"end":{"line":15,"column":1}},"line":3},"1":{"name":"(anonymous_1)","decl":{"start":{"line":9,"column":4},"end":{"line":9,"column":5}},"loc":{"start":{"line":9,"column":24},"end":{"line":13,"column":5}},"line":9}},"branchMap":{"0":{"loc":{"start":{"line":10,"column":6},"end":{"line":10,"column":30}},"type":"if","locations":[{"start":{"line":10,"column":6},"end":{"line":10,"column":30}},{"start":{"line":10,"column":6},"end":{"line":10,"column":30}}],"line":10}},"s":{"0":1,"1":1,"2":0,"3":0,"4":0,"5":0,"6":0,"7":0,"8":1},"f":{"0":0,"1":0},"b":{"0":[0,0]},"_coverageSchema":"332fd63041d2c1bcb487cc26dd0d5f7d97098a6c","hash":"0eac3dafc9d6bd6402713b1e1f5b602205372d7c"}
,"/Users/njons/Code/Learning/FAC/FAC14_Week7/FAC14_Week7/src/queries/getUserInfo.js": {"path":"/Users/njons/Code/Learning/FAC/FAC14_Week7/FAC14_Week7/src/queries/getUserInfo.js","statementMap":{"0":{"start":{"line":1,"column":21},"end":{"line":1,"column":51}},"1":{"start":{"line":3,"column":20},"end":{"line":15,"column":1}},"2":{"start":{"line":4,"column":2},"end":{"line":4,"column":47}},"3":{"start":{"line":6,"column":2},"end":{"line":14,"column":4}},"4":{"start":{"line":10,"column":6},"end":{"line":10,"column":30}},"5":{"start":{"line":10,"column":15},"end":{"line":10,"column":30}},"6":{"start":{"line":11,"column":6},"end":{"line":11,"column":26}},"7":{"start":{"line":12,"column":6},"end":{"line":12,"column":66}},"8":{"start":{"line":17,"column":0},"end":{"line":17,"column":29}}},"fnMap":{"0":{"name":"(anonymous_0)","decl":{"start":{"line":3,"column":20},"end":{"line":3,"column":21}},"loc":{"start":{"line":3,"column":32},"end":{"line":15,"column":1}},"line":3},"1":{"name":"(anonymous_1)","decl":{"start":{"line":9,"column":4},"end":{"line":9,"column":5}},"loc":{"start":{"line":9,"column":24},"end":{"line":13,"column":5}},"line":9}},"branchMap":{"0":{"loc":{"start":{"line":10,"column":6},"end":{"line":10,"column":30}},"type":"if","locations":[{"start":{"line":10,"column":6},"end":{"line":10,"column":30}},{"start":{"line":10,"column":6},"end":{"line":10,"column":30}}],"line":10}},"s":{"0":1,"1":1,"2":0,"3":0,"4":0,"5":0,"6":0,"7":0,"8":1},"f":{"0":0,"1":0},"b":{"0":[0,0]},"_coverageSchema":"332fd63041d2c1bcb487cc26dd0d5f7d97098a6c","hash":"8692bfb13a8d6d6f4af11367a60b1b612d0adbd9"}
,"/Users/njons/Code/Learning/FAC/FAC14_Week7/FAC14_Week7/src/queries/register.js": {"path":"/Users/njons/Code/Learning/FAC/FAC14_Week7/FAC14_Week7/src/queries/register.js","statementMap":{"0":{"start":{"line":1,"column":21},"end":{"line":1,"column":51}},"1":{"start":{"line":2,"column":17},"end":{"line":2,"column":36}},"2":{"start":{"line":4,"column":17},"end":{"line":30,"column":1}},"3":{"start":{"line":5,"column":2},"end":{"line":5,"column":71}},"4":{"start":{"line":6,"column":2},"end":{"line":6,"column":71}},"5":{"start":{"line":7,"column":2},"end":{"line":7,"column":67}},"6":{"start":{"line":9,"column":2},"end":{"line":29,"column":5}},"7":{"start":{"line":11,"column":4},"end":{"line":28,"column":6}},"8":{"start":{"line":19,"column":8},"end":{"line":26,"column":10}},"9":{"start":{"line":23,"column":12},"end":{"line":23,"column":61}},"10":{"start":{"line":24,"column":12},"end":{"line":24,"column":29}},"11":{"start":{"line":32,"column":0},"end":{"line":32,"column":26}}},"fnMap":{"0":{"name":"(anonymous_0)","decl":{"start":{"line":4,"column":17},"end":{"line":4,"column":18}},"loc":{"start":{"line":4,"column":53},"end":{"line":30,"column":1}},"line":4},"1":{"name":"(anonymous_1)","decl":{"start":{"line":9,"column":30},"end":{"line":9,"column":31}},"loc":{"start":{"line":9,"column":53},"end":{"line":29,"column":3}},"line":9},"2":{"name":"(anonymous_2)","decl":{"start":{"line":14,"column":6},"end":{"line":14,"column":7}},"loc":{"start":{"line":14,"column":26},"end":{"line":27,"column":7}},"line":14},"3":{"name":"(anonymous_3)","decl":{"start":{"line":22,"column":10},"end":{"line":22,"column":11}},"loc":{"start":{"line":22,"column":27},"end":{"line":25,"column":11}},"line":22}},"branchMap":{},"s":{"0":1,"1":1,"2":1,"3":0,"4":0,"5":0,"6":0,"7":0,"8":0,"9":0,"10":0,"11":1},"f":{"0":0,"1":0,"2":0,"3":0},"b":{},"_coverageSchema":"332fd63041d2c1bcb487cc26dd0d5f7d97098a6c","hash":"2947f886566609d34a7dec9448914838f7ff402f"}
,"/Users/njons/Code/Learning/FAC/FAC14_Week7/FAC14_Week7/src/queries/verifyLogin.js": {"path":"/Users/njons/Code/Learning/FAC/FAC14_Week7/FAC14_Week7/src/queries/verifyLogin.js","statementMap":{"0":{"start":{"line":1,"column":21},"end":{"line":1,"column":51}},"1":{"start":{"line":2,"column":17},"end":{"line":2,"column":36}},"2":{"start":{"line":4,"column":20},"end":{"line":38,"column":1}},"3":{"start":{"line":5,"column":2},"end":{"line":5,"column":51}},"4":{"start":{"line":7,"column":2},"end":{"line":37,"column":4}},"5":{"start":{"line":11,"column":6},"end":{"line":14,"column":8}},"6":{"start":{"line":19,"column":6},"end":{"line":19,"column":30}},"7":{"start":{"line":19,"column":15},"end":{"line":19,"column":30}},"8":{"start":{"line":21,"column":6},"end":{"line":35,"column":8}},"9":{"start":{"line":25,"column":10},"end":{"line":25,"column":34}},"10":{"start":{"line":25,"column":19},"end":{"line":25,"column":34}},"11":{"start":{"line":27,"column":10},"end":{"line":33,"column":11}},"12":{"start":{"line":29,"column":12},"end":{"line":29,"column":32}},"13":{"start":{"line":32,"column":12},"end":{"line":32,"column":28}},"14":{"start":{"line":40,"column":0},"end":{"line":40,"column":29}}},"fnMap":{"0":{"name":"(anonymous_0)","decl":{"start":{"line":4,"column":20},"end":{"line":4,"column":21}},"loc":{"start":{"line":4,"column":48},"end":{"line":38,"column":1}},"line":4},"1":{"name":"(anonymous_1)","decl":{"start":{"line":10,"column":4},"end":{"line":10,"column":5}},"loc":{"start":{"line":10,"column":23},"end":{"line":36,"column":5}},"line":10},"2":{"name":"(anonymous_2)","decl":{"start":{"line":24,"column":8},"end":{"line":24,"column":9}},"loc":{"start":{"line":24,"column":28},"end":{"line":34,"column":9}},"line":24}},"branchMap":{"0":{"loc":{"start":{"line":19,"column":6},"end":{"line":19,"column":30}},"type":"if","locations":[{"start":{"line":19,"column":6},"end":{"line":19,"column":30}},{"start":{"line":19,"column":6},"end":{"line":19,"column":30}}],"line":19},"1":{"loc":{"start":{"line":25,"column":10},"end":{"line":25,"column":34}},"type":"if","locations":[{"start":{"line":25,"column":10},"end":{"line":25,"column":34}},{"start":{"line":25,"column":10},"end":{"line":25,"column":34}}],"line":25},"2":{"loc":{"start":{"line":27,"column":10},"end":{"line":33,"column":11}},"type":"if","locations":[{"start":{"line":27,"column":10},"end":{"line":33,"column":11}},{"start":{"line":27,"column":10},"end":{"line":33,"column":11}}],"line":27}},"s":{"0":1,"1":1,"2":1,"3":0,"4":0,"5":0,"6":0,"7":0,"8":0,"9":0,"10":0,"11":0,"12":0,"13":0,"14":1},"f":{"0":0,"1":0,"2":0},"b":{"0":[0,0],"1":[0,0],"2":[0,0]},"_coverageSchema":"332fd63041d2c1bcb487cc26dd0d5f7d97098a6c","hash":"d3a7402f645b9d0f092ec5f2a3942aaf5476c6f9"}
}
