TN:
SF:/Users/njons/Code/Learning/FAC/FAC14_Week7/FAC14_Week7/public/js/dom.js
FN:5,(anonymous_0)
FN:10,getWelcomeData
FN:12,(anonymous_2)
FNF:3
FNH:0
FNDA:0,(anonymous_0)
FNDA:0,getWelcomeData
FNDA:0,(anonymous_2)
DA:1,1
DA:3,1
DA:5,1
DA:6,0
DA:7,0
DA:11,0
DA:12,0
DA:13,0
DA:14,0
DA:16,0
DA:20,0
DA:21,0
DA:22,0
LF:13
LH:3
BRDA:13,0,0,0
BRDA:13,0,1,0
BRDA:14,1,0,0
BRDA:14,1,1,0
BRF:4
BRH:0
end_of_record
TN:
SF:/Users/njons/Code/Learning/FAC/FAC14_Week7/FAC14_Week7/src/handler.js
FN:14,(anonymous_0)
FN:15,(anonymous_1)
FN:26,(anonymous_2)
FN:36,(anonymous_3)
FN:41,(anonymous_4)
FN:45,(anonymous_5)
FN:49,(anonymous_6)
FN:59,(anonymous_7)
FN:70,(anonymous_8)
FN:74,(anonymous_9)
FN:78,(anonymous_10)
FN:82,(anonymous_11)
FN:85,(anonymous_12)
FN:88,(anonymous_13)
FN:99,(anonymous_14)
FN:105,(anonymous_15)
FN:129,(anonymous_16)
FN:131,(anonymous_17)
FN:134,(anonymous_18)
FN:141,(anonymous_19)
FN:166,(anonymous_20)
FN:175,(anonymous_21)
FN:178,(anonymous_22)
FN:203,(anonymous_23)
FNF:24
FNH:11
FNDA:5,(anonymous_0)
FNDA:5,(anonymous_1)
FNDA:0,(anonymous_2)
FNDA:7,(anonymous_3)
FNDA:0,(anonymous_4)
FNDA:2,(anonymous_5)
FNDA:3,(anonymous_6)
FNDA:3,(anonymous_7)
FNDA:1,(anonymous_8)
FNDA:1,(anonymous_9)
FNDA:1,(anonymous_10)
FNDA:0,(anonymous_11)
FNDA:0,(anonymous_12)
FNDA:0,(anonymous_13)
FNDA:0,(anonymous_14)
FNDA:0,(anonymous_15)
FNDA:0,(anonymous_16)
FNDA:0,(anonymous_17)
FNDA:0,(anonymous_18)
FNDA:0,(anonymous_19)
FNDA:1,(anonymous_20)
FNDA:0,(anonymous_21)
FNDA:0,(anonymous_22)
FNDA:2,(anonymous_23)
DA:1,2
DA:2,2
DA:3,2
DA:4,2
DA:5,2
DA:7,2
DA:8,2
DA:9,2
DA:10,2
DA:12,2
DA:14,2
DA:15,5
DA:16,5
DA:17,0
DA:18,0
DA:20,5
DA:21,5
DA:26,2
DA:27,0
DA:28,0
DA:32,0
DA:33,0
DA:36,2
DA:37,7
DA:38,7
DA:41,2
DA:42,0
DA:45,2
DA:46,2
DA:49,2
DA:50,3
DA:51,3
DA:59,3
DA:60,3
DA:61,0
DA:62,0
DA:64,3
DA:65,3
DA:70,2
DA:71,1
DA:74,2
DA:75,1
DA:78,2
DA:79,1
DA:82,2
DA:84,0
DA:85,0
DA:86,0
DA:88,0
DA:89,0
DA:90,0
DA:91,0
DA:92,0
DA:93,0
DA:94,0
DA:95,0
DA:96,0
DA:98,0
DA:99,0
DA:100,0
DA:101,0
DA:102,0
DA:103,0
DA:104,0
DA:105,0
DA:106,0
DA:107,0
DA:108,0
DA:109,0
DA:113,0
DA:115,0
DA:119,0
DA:129,2
DA:130,0
DA:131,0
DA:132,0
DA:134,0
DA:135,0
DA:136,0
DA:137,0
DA:138,0
DA:139,0
DA:140,0
DA:141,0
DA:143,0
DA:144,0
DA:145,0
DA:146,0
DA:147,0
DA:148,0
DA:149,0
DA:153,0
DA:155,0
DA:159,0
DA:166,2
DA:167,1
DA:169,1
DA:170,1
DA:172,0
DA:173,0
DA:175,0
DA:176,0
DA:177,0
DA:178,0
DA:179,0
DA:182,0
DA:188,0
DA:189,0
DA:190,0
DA:195,1
DA:199,1
DA:203,2
DA:204,2
DA:208,2
DA:211,2
LF:115
LH:47
BRDA:16,0,0,0
BRDA:16,0,1,5
BRDA:60,1,0,0
BRDA:60,1,1,3
BRDA:93,2,0,0
BRDA:93,2,1,0
BRDA:95,3,0,0
BRDA:95,3,1,0
BRDA:98,4,0,0
BRDA:98,4,1,0
BRDA:100,5,0,0
BRDA:100,5,1,0
BRDA:103,6,0,0
BRDA:103,6,1,0
BRDA:106,7,0,0
BRDA:106,7,1,0
BRDA:107,8,0,0
BRDA:107,8,1,0
BRDA:140,9,0,0
BRDA:140,9,1,0
BRDA:143,10,0,0
BRDA:143,10,1,0
BRDA:146,11,0,0
BRDA:146,11,1,0
BRDA:170,12,0,0
BRDA:170,12,1,1
BRDA:170,13,0,1
BRDA:170,13,1,0
BRDA:179,14,0,0
BRDA:179,14,1,0
BRF:30
BRH:4
end_of_record
TN:
SF:/Users/njons/Code/Learning/FAC/FAC14_Week7/FAC14_Week7/src/router.js
FN:14,(anonymous_0)
FNF:1
FNH:1
FNDA:11,(anonymous_0)
DA:12,1
DA:14,1
DA:16,11
DA:18,11
DA:20,2
DA:21,9
DA:22,3
DA:23,6
DA:25,1
DA:26,5
DA:27,0
DA:28,5
DA:30,1
DA:31,4
DA:32,0
DA:33,4
DA:35,1
DA:36,3
DA:38,1
DA:39,2
DA:41,2
DA:43,0
DA:44,0
DA:47,1
LF:24
LH:20
BRDA:18,0,0,2
BRDA:18,0,1,9
BRDA:21,1,0,3
BRDA:21,1,1,6
BRDA:23,2,0,1
BRDA:23,2,1,5
BRDA:26,3,0,0
BRDA:26,3,1,5
BRDA:28,4,0,1
BRDA:28,4,1,4
BRDA:31,5,0,0
BRDA:31,5,1,4
BRDA:33,6,0,1
BRDA:33,6,1,3
BRDA:36,7,0,1
BRDA:36,7,1,2
BRDA:39,8,0,2
BRDA:39,8,1,0
BRF:18
BRH:15
end_of_record
TN:
SF:/Users/njons/Code/Learning/FAC/FAC14_Week7/FAC14_Week7/src/db/db_connection.js
FNF:0
FNH:0
DA:1,3
DA:2,3
DA:3,3
DA:5,3
DA:8,3
DA:9,3
DA:13,3
DA:16,3
DA:17,3
DA:20,3
DA:30,3
LF:11
LH:11
BRDA:8,0,0,3
BRDA:8,0,1,0
BRDA:13,1,0,0
BRDA:13,1,1,3
BRDA:24,2,0,3
BRDA:24,2,1,3
BRF:6
BRH:4
end_of_record
TN:
SF:/Users/njons/Code/Learning/FAC/FAC14_Week7/FAC14_Week7/src/db/test_db/test_db_build.js
FN:8,(anonymous_0)
FN:9,(anonymous_1)
FNF:2
FNH:2
FNDA:1,(anonymous_0)
FNDA:1,(anonymous_1)
DA:1,1
DA:2,1
DA:5,1
DA:8,1
DA:9,1
DA:10,1
DA:11,1
DA:15,1
LF:8
LH:8
BRDA:10,0,0,0
BRDA:10,0,1,1
BRF:2
BRH:1
end_of_record
TN:
SF:/Users/njons/Code/Learning/FAC/FAC14_Week7/FAC14_Week7/src/queries/getUserId.js
FN:3,(anonymous_0)
FN:9,(anonymous_1)
FNF:2
FNH:0
FNDA:0,(anonymous_0)
FNDA:0,(anonymous_1)
DA:1,2
DA:3,2
DA:4,0
DA:6,0
DA:10,0
DA:11,0
DA:12,0
DA:17,2
LF:8
LH:3
BRDA:10,0,0,0
BRDA:10,0,1,0
BRF:2
BRH:0
end_of_record
TN:
SF:/Users/njons/Code/Learning/FAC/FAC14_Week7/FAC14_Week7/src/queries/getUserInfo.js
FN:3,(anonymous_0)
FN:9,(anonymous_1)
FNF:2
FNH:0
FNDA:0,(anonymous_0)
FNDA:0,(anonymous_1)
DA:1,2
DA:3,2
DA:4,0
DA:6,0
DA:10,0
DA:11,0
DA:12,0
DA:17,2
LF:8
LH:3
BRDA:10,0,0,0
BRDA:10,0,1,0
BRF:2
BRH:0
end_of_record
TN:
SF:/Users/njons/Code/Learning/FAC/FAC14_Week7/FAC14_Week7/src/queries/register.js
FN:4,(anonymous_0)
FN:9,(anonymous_1)
FN:14,(anonymous_2)
FN:22,(anonymous_3)
FNF:4
FNH:0
FNDA:0,(anonymous_0)
FNDA:0,(anonymous_1)
FNDA:0,(anonymous_2)
FNDA:0,(anonymous_3)
DA:1,2
DA:2,2
DA:4,2
DA:5,0
DA:6,0
DA:7,0
DA:9,0
DA:11,0
DA:19,0
DA:23,0
DA:24,0
DA:32,2
LF:12
LH:4
BRF:0
BRH:0
end_of_record
TN:
SF:/Users/njons/Code/Learning/FAC/FAC14_Week7/FAC14_Week7/src/queries/verifyLogin.js
FN:4,(anonymous_0)
FN:10,(anonymous_1)
FN:24,(anonymous_2)
FNF:3
FNH:0
FNDA:0,(anonymous_0)
FNDA:0,(anonymous_1)
FNDA:0,(anonymous_2)
DA:1,2
DA:2,2
DA:4,2
DA:5,0
DA:7,0
DA:11,0
DA:19,0
DA:21,0
DA:25,0
DA:27,0
DA:29,0
DA:32,0
DA:40,2
LF:13
LH:4
BRDA:19,0,0,0
BRDA:19,0,1,0
BRDA:25,1,0,0
BRDA:25,1,1,0
BRDA:27,2,0,0
BRDA:27,2,1,0
BRF:6
BRH:0
end_of_record
